0 info it worked if it ends with ok
1 verbose cli [ 'D:\\dev\\node-v6.10.2-win-x64\\node.exe',
1 verbose cli   'D:\\dev\\node-v6.10.2-win-x64\\node_modules\\npm\\bin\\npm-cli.js',
1 verbose cli   'run',
1 verbose cli   'build' ]
2 info using npm@3.10.10
3 info using node@v6.10.2
4 verbose run-script [ 'prebuild', 'build', 'postbuild' ]
5 info lifecycle kbn_sankey_vis@0.1.0~prebuild: kbn_sankey_vis@0.1.0
6 silly lifecycle kbn_sankey_vis@0.1.0~prebuild: no script for prebuild, continuing
7 info lifecycle kbn_sankey_vis@0.1.0~build: kbn_sankey_vis@0.1.0
8 verbose lifecycle kbn_sankey_vis@0.1.0~build: unsafe-perm in lifecycle true
9 verbose lifecycle kbn_sankey_vis@0.1.0~build: PATH: D:\dev\node-v6.10.2-win-x64\node_modules\npm\bin\node-gyp-bin;D:\dev\ElasticSearch\kibana\kibana-5.4.3-windows-x86\plugins\kbn_sankey_vis\node_modules\.bin;D:\dev\node-v6.10.2-win-x64;C:\Users\shilongz\bin;C:\Users\shilongz\AppData\Local\Programs\Git\mingw64\bin;C:\Users\shilongz\AppData\Local\Programs\Git\usr\local\bin;C:\Users\shilongz\AppData\Local\Programs\Git\usr\bin;C:\Users\shilongz\AppData\Local\Programs\Git\usr\bin;C:\Users\shilongz\AppData\Local\Programs\Git\mingw64\bin;C:\Users\shilongz\AppData\Local\Programs\Git\usr\bin;C:\Users\shilongz\bin;D:\oracle\product\11.2.0\client_1\bin;C:\ProgramData\Oracle\Java\javapath;C:\Windows\system32;C:\Windows;C:\Windows\System32\Wbem;C:\Windows\System32\WindowsPowerShell\v1.0;C:\Windows\System32\WindowsPowerShell\v1.0;D:\dev\Ruby23-x64\bin;D:\dev\Java\jdk1.8.0_121\bin;D:\dev\Java\jdk1.8.0_121\jre\bin;D:\dev\Java\jdk1.8.0_121\jre\bin\server;C:\Users\shilongz\AppData\Local\atom\bin;D:\dev\apache-maven-3.5.0\bin;D:\dev\tomcat\apache-tomcat-8.5.13\bin;D:\dev\tomcat\apache-tomcat-8.5.13\lib;C:\Users\shilongz\AppData\Local\Programs\Git\usr\bin\vendor_perl;C:\Users\shilongz\AppData\Local\Programs\Git\usr\bin\core_perl
10 verbose lifecycle kbn_sankey_vis@0.1.0~build: CWD: D:\dev\ElasticSearch\kibana\kibana-5.4.3-windows-x86\plugins\kbn_sankey_vis
11 silly lifecycle kbn_sankey_vis@0.1.0~build: Args: [ '/d /s /c', 'gulp build' ]
12 silly lifecycle kbn_sankey_vis@0.1.0~build: Returned: code: 1  signal: null
13 info lifecycle kbn_sankey_vis@0.1.0~build: Failed to exec build script
14 verbose stack Error: kbn_sankey_vis@0.1.0 build: `gulp build`
14 verbose stack Exit status 1
14 verbose stack     at EventEmitter.<anonymous> (D:\dev\node-v6.10.2-win-x64\node_modules\npm\lib\utils\lifecycle.js:255:16)
14 verbose stack     at emitTwo (events.js:106:13)
14 verbose stack     at EventEmitter.emit (events.js:191:7)
14 verbose stack     at ChildProcess.<anonymous> (D:\dev\node-v6.10.2-win-x64\node_modules\npm\lib\utils\spawn.js:40:14)
14 verbose stack     at emitTwo (events.js:106:13)
14 verbose stack     at ChildProcess.emit (events.js:191:7)
14 verbose stack     at maybeClose (internal/child_process.js:886:16)
14 verbose stack     at Process.ChildProcess._handle.onexit (internal/child_process.js:226:5)
15 verbose pkgid kbn_sankey_vis@0.1.0
16 verbose cwd D:\dev\ElasticSearch\kibana\kibana-5.4.3-windows-x86\plugins\kbn_sankey_vis
17 error Windows_NT 6.1.7601
18 error argv "D:\\dev\\node-v6.10.2-win-x64\\node.exe" "D:\\dev\\node-v6.10.2-win-x64\\node_modules\\npm\\bin\\npm-cli.js" "run" "build"
19 error node v6.10.2
20 error npm  v3.10.10
21 error code ELIFECYCLE
22 error kbn_sankey_vis@0.1.0 build: `gulp build`
22 error Exit status 1
23 error Failed at the kbn_sankey_vis@0.1.0 build script 'gulp build'.
23 error Make sure you have the latest version of node.js and npm installed.
23 error If you do, this is most likely a problem with the kbn_sankey_vis package,
23 error not with npm itself.
23 error Tell the author that this fails on your system:
23 error     gulp build
23 error You can get information on how to open an issue for this project with:
23 error     npm bugs kbn_sankey_vis
23 error Or if that isn't available, you can get their info via:
23 error     npm owner ls kbn_sankey_vis
23 error There is likely additional logging output above.
24 verbose exit [ 1, true ]
